<?xml version="1.0" encoding="UTF-8"?>
<!-- Generated by org.testng.reporters.JUnitReportReporter -->
<testsuite hostname="MAVBNG1121337" failures="0" tests="3" name="com.Scuba.pages.ParallelClass" time="62.968" errors="0" timestamp="2022-01-14T17:13:29 IST" skipped="0">
  <testcase classname="com.Scuba.pages.ParallelClass" name="Test2" time="22.838"/>
  <system-out/>
  <testcase classname="com.Scuba.pages.ParallelClass" name="Test3" time="21.689"/>
  <system-out/>
  <testcase classname="com.Scuba.pages.ParallelClass" name="Test1" time="18.441"/>
  <system-out/>
</testsuite> <!-- com.Scuba.pages.ParallelClass -->
