<?xml version="1.0" encoding="UTF-8"?>
<!-- Generated by org.testng.reporters.JUnitReportReporter -->
<testsuite hostname="MAVBNG1121337" failures="0" tests="3" name="com.Scuba.pages.ParallelTestMethods" time="59.348" errors="0" timestamp="2022-01-14T17:14:02 IST" skipped="0">
  <testcase classname="com.Scuba.pages.ParallelTestMethods" name="Test2" time="20.387"/>
  <system-out/>
  <testcase classname="com.Scuba.pages.ParallelTestMethods" name="Test1" time="19.105"/>
  <system-out/>
  <testcase classname="com.Scuba.pages.ParallelTestMethods" name="Test3" time="19.856"/>
  <system-out/>
</testsuite> <!-- com.Scuba.pages.ParallelTestMethods -->
