<?xml version="1.0" encoding="UTF-8"?>
<!-- Generated by org.testng.reporters.JUnitReportReporter -->
<testsuite hostname="MAVBNG1121337" failures="0" tests="2" name="com.Scuba.pages.MultiBrowser" time="19.079" errors="0" timestamp="2022-01-14T17:12:02 IST" skipped="0">
  <testcase classname="com.Scuba.pages.MultiBrowser" name="login" time="10.162"/>
  <system-out/>
  <testcase classname="com.Scuba.pages.MultiBrowser" name="login" time="8.917"/>
  <system-out/>
</testsuite> <!-- com.Scuba.pages.MultiBrowser -->
