<?xml version="1.0" encoding="UTF-8"?>
<!-- Generated by org.testng.reporters.JUnitReportReporter -->
<testsuite hostname="MAVBNG1121337" failures="0" tests="3" name="com.Scuba.pages.ParallelTestWise" time="64.585" errors="0" timestamp="2022-01-14T17:15:29 IST" skipped="0">
  <testcase classname="com.Scuba.pages.ParallelTestWise" name="Test2" time="23.804"/>
  <system-out/>
  <testcase classname="com.Scuba.pages.ParallelTestWise" name="Test1" time="18.447"/>
  <system-out/>
  <testcase classname="com.Scuba.pages.ParallelTestWise" name="Test3" time="22.334"/>
  <system-out/>
</testsuite> <!-- com.Scuba.pages.ParallelTestWise -->
