<?xml version="1.0" encoding="UTF-8"?>
<!-- Generated by org.testng.reporters.JUnitReportReporter -->
<testsuite hostname="MAVLT112025" failures="0" tests="3" name="com.parallel.testng.TestParallel" time="0.039" errors="0" timestamp="2021-12-09T07:48:08 IST" skipped="0">
  <testcase classname="com.parallel.testng.TestParallel" name="TestRun2" time="0.013"/>
  <system-out/>
  <testcase classname="com.parallel.testng.TestParallel" name="TestRun3" time="0.013"/>
  <system-out/>
  <testcase classname="com.parallel.testng.TestParallel" name="TestRun1" time="0.013"/>
  <system-out/>
</testsuite> <!-- com.parallel.testng.TestParallel -->
