<?xml version="1.0" encoding="UTF-8"?>
<!-- Generated by org.testng.reporters.JUnitReportReporter -->
<testsuite hostname="MAVLT112025" failures="0" tests="5" name="com.classname.testng.MyFirstNG" time="0.008" errors="0" timestamp="2021-12-09T00:20:14 IST" skipped="0">
  <testcase classname="com.classname.testng.MyFirstNG" name="MyFirstPgm1" time="0.005"/>
  <system-out/>
  <testcase classname="com.classname.testng.MyFirstNG" name="MySecondpgm" time="0.001"/>
  <system-out/>
  <testcase classname="com.classname.testng.MyFirstNG" name="MyFourthPgm" time="0.001"/>
  <system-out/>
  <testcase classname="com.classname.testng.MyFirstNG" name="MyThirdPgm" time="0.001"/>
  <system-out/>
  <testcase classname="com.classname.testng.MyFirstNG" name="MyFirstPgm" time="0.000"/>
  <system-out/>
</testsuite> <!-- com.classname.testng.MyFirstNG -->
