<?xml version="1.0" encoding="UTF-8"?>
<!-- Generated by org.testng.reporters.JUnitReportReporter -->
<testsuite hostname="MAVLT112025" failures="0" tests="1" name="com.annotation.com.NewTest" time="0.004" errors="0" timestamp="2021-12-09T00:28:08 IST" skipped="0">
  <testcase classname="com.annotation.com.NewTest" name="FirstTest" time="0.004"/>
  <system-out/>
</testsuite> <!-- com.annotation.com.NewTest -->
