<?xml version="1.0" encoding="UTF-8"?>
<!-- Generated by org.testng.reporters.JUnitReportReporter -->
<testsuite hostname="MAVLT112025" failures="0" tests="2" name="com.Dataprovider.com.Dataprovider" time="0.004" errors="0" timestamp="2021-12-09T01:21:03 IST" skipped="0">
  <testcase classname="com.Dataprovider.com.Dataprovider" name="getData" time="0.004"/>
  <system-out/>
  <testcase classname="com.Dataprovider.com.Dataprovider" name="getData" time="0.000"/>
  <system-out/>
</testsuite> <!-- com.Dataprovider.com.Dataprovider -->
