<?xml version="1.0" encoding="UTF-8"?>
<!-- Generated by org.testng.reporters.JUnitReportReporter -->
<testsuite hostname="MAVLT112025" failures="0" tests="3" name="com.grouping.com.Grouping" time="0.007" errors="0" timestamp="2021-12-09T01:02:34 IST" skipped="0">
  <testcase classname="com.grouping.com.Grouping" name="Running" time="0.001"/>
  <system-out/>
  <testcase classname="com.grouping.com.Grouping" name="Cricket" time="0.005"/>
  <system-out/>
  <testcase classname="com.grouping.com.Grouping" name="FoodBall" time="0.001"/>
  <system-out/>
</testsuite> <!-- com.grouping.com.Grouping -->
